This is pdfTeX, Version 3.14159265-2.6-1.40.17 (MiKTeX 2.9) (preloaded format=pdflatex 2016.8.14)  8 OCT 2016 15:44
entering extended mode
**./cwf_isbi_draft1.tex.tex
(cwf_isbi_draft1.tex.tex
LaTeX2e <2016/03/31> patch level 1
Babel <3.9r> and hyphenation patterns for 75 language(s) loaded.
("C:\Program Files (x86)\MiKTeX 2.9\tex\latex\base\article.cls"
Document Class: article 2014/09/29 v1.4h Standard LaTeX document class
("C:\Program Files (x86)\MiKTeX 2.9\tex\latex\base\size10.clo"
File: size10.clo 2014/09/29 v1.4h Standard LaTeX file (size option)
)
\c@part=\count79
\c@section=\count80
\c@subsection=\count81
\c@subsubsection=\count82
\c@paragraph=\count83
\c@subparagraph=\count84
\c@figure=\count85
\c@table=\count86
\abovecaptionskip=\skip41
\belowcaptionskip=\skip42
\bibindent=\dimen102
) (spconf.sty)
("C:\Program Files (x86)\MiKTeX 2.9\tex\latex\amsmath\amsmath.sty"
Package: amsmath 2016/03/10 v2.15b AMS math features
\@mathmargin=\skip43

For additional information on amsmath, use the `?' option.
("C:\Program Files (x86)\MiKTeX 2.9\tex\latex\amsmath\amstext.sty"
Package: amstext 2000/06/29 v2.01 AMS text

("C:\Program Files (x86)\MiKTeX 2.9\tex\latex\amsmath\amsgen.sty"
File: amsgen.sty 1999/11/30 v2.0 generic functions
\@emptytoks=\toks14
\ex@=\dimen103
))
("C:\Program Files (x86)\MiKTeX 2.9\tex\latex\amsmath\amsbsy.sty"
Package: amsbsy 1999/11/29 v1.2d Bold Symbols
\pmbraise@=\dimen104
)
("C:\Program Files (x86)\MiKTeX 2.9\tex\latex\amsmath\amsopn.sty"
Package: amsopn 2016/03/08 v2.02 operator names
)
\inf@bad=\count87
LaTeX Info: Redefining \frac on input line 199.
\uproot@=\count88
\leftroot@=\count89
LaTeX Info: Redefining \overline on input line 297.
\classnum@=\count90
\DOTSCASE@=\count91
LaTeX Info: Redefining \ldots on input line 394.
LaTeX Info: Redefining \dots on input line 397.
LaTeX Info: Redefining \cdots on input line 518.
\Mathstrutbox@=\box26
\strutbox@=\box27
\big@size=\dimen105
LaTeX Font Info:    Redeclaring font encoding OML on input line 634.
LaTeX Font Info:    Redeclaring font encoding OMS on input line 635.
\macc@depth=\count92
\c@MaxMatrixCols=\count93
\dotsspace@=\muskip10
\c@parentequation=\count94
\dspbrk@lvl=\count95
\tag@help=\toks15
\row@=\count96
\column@=\count97
\maxfields@=\count98
\andhelp@=\toks16
\eqnshift@=\dimen106
\alignsep@=\dimen107
\tagshift@=\dimen108
\tagwidth@=\dimen109
\totwidth@=\dimen110
\lineht@=\dimen111
\@envbody=\toks17
\multlinegap=\skip44
\multlinetaggap=\skip45
\mathdisplay@stack=\toks18
LaTeX Info: Redefining \[ on input line 2739.
LaTeX Info: Redefining \] on input line 2740.
)
("C:\Program Files (x86)\MiKTeX 2.9\tex\latex\graphics\graphicx.sty"
Package: graphicx 2014/10/28 v1.0g Enhanced LaTeX Graphics (DPC,SPQR)

("C:\Program Files (x86)\MiKTeX 2.9\tex\latex\graphics\keyval.sty"
Package: keyval 2014/10/28 v1.15 key=value parser (DPC)
\KV@toks@=\toks19
)
("C:\Program Files (x86)\MiKTeX 2.9\tex\latex\graphics\graphics.sty"
Package: graphics 2016/06/02 v1.0s Standard LaTeX Graphics (DPC,SPQR)

("C:\Program Files (x86)\MiKTeX 2.9\tex\latex\graphics\trig.sty"
Package: trig 2016/01/03 v1.10 sin cos tan (DPC)
)
("C:\Program Files (x86)\MiKTeX 2.9\tex\latex\00miktex\graphics.cfg"
File: graphics.cfg 2016/06/04 v1.11 sample graphics configuration
)
Package graphics Info: Driver file: pdftex.def on input line 99.

("C:\Program Files (x86)\MiKTeX 2.9\tex\latex\pdftex-def\pdftex.def"
File: pdftex.def 2016/06/17 v0.06h Graphics/color for pdfTeX

("C:\Program Files (x86)\MiKTeX 2.9\tex\generic\oberdiek\infwarerr.sty"
Package: infwarerr 2016/05/16 v1.4 Providing info/warning/error messages (HO)
)
("C:\Program Files (x86)\MiKTeX 2.9\tex\generic\oberdiek\ltxcmds.sty"
Package: ltxcmds 2016/05/16 v1.23 LaTeX kernel commands for general use (HO)
)
\Gread@gobject=\count99
))
\Gin@req@height=\dimen112
\Gin@req@width=\dimen113
)
("C:\Program Files (x86)\MiKTeX 2.9\tex\latex\oberdiek\epstopdf.sty"
Package: epstopdf 2016/05/15 v2.6 Conversion with epstopdf on the fly (HO)

("C:\Program Files (x86)\MiKTeX 2.9\tex\latex\oberdiek\epstopdf-base.sty"
Package: epstopdf-base 2016/05/15 v2.6 Base part for package epstopdf

("C:\Program Files (x86)\MiKTeX 2.9\tex\latex\oberdiek\grfext.sty"
Package: grfext 2016/05/16 v1.2 Manage graphics extensions (HO)

("C:\Program Files (x86)\MiKTeX 2.9\tex\generic\oberdiek\kvdefinekeys.sty"
Package: kvdefinekeys 2016/05/16 v1.4 Define keys (HO)
))
("C:\Program Files (x86)\MiKTeX 2.9\tex\latex\oberdiek\kvoptions.sty"
Package: kvoptions 2016/05/16 v3.12 Key value format for package options (HO)

("C:\Program Files (x86)\MiKTeX 2.9\tex\generic\oberdiek\kvsetkeys.sty"
Package: kvsetkeys 2016/05/16 v1.17 Key value parser (HO)

("C:\Program Files (x86)\MiKTeX 2.9\tex\generic\oberdiek\etexcmds.sty"
Package: etexcmds 2016/05/16 v1.6 Avoid name clashes with e-TeX commands (HO)

("C:\Program Files (x86)\MiKTeX 2.9\tex\generic\oberdiek\ifluatex.sty"
Package: ifluatex 2016/05/16 v1.4 Provides the ifluatex switch (HO)
Package ifluatex Info: LuaTeX not detected.
)
Package etexcmds Info: Could not find \expanded.
(etexcmds)             That can mean that you are not using pdfTeX 1.50 or
(etexcmds)             that some package has redefined \expanded.
(etexcmds)             In the latter case, load this package earlier.
)))
("C:\Program Files (x86)\MiKTeX 2.9\tex\generic\oberdiek\pdftexcmds.sty"
Package: pdftexcmds 2016/05/21 v0.22 Utility functions of pdfTeX for LuaTeX (HO
)

("C:\Program Files (x86)\MiKTeX 2.9\tex\generic\oberdiek\ifpdf.sty"
Package: ifpdf 2016/05/14 v3.1 Provides the ifpdf switch
)
Package pdftexcmds Info: LuaTeX not detected.
Package pdftexcmds Info: \pdf@primitive is available.
Package pdftexcmds Info: \pdf@ifprimitive is available.
Package pdftexcmds Info: \pdfdraftmode found.
)
Package epstopdf-base Info: Redefining graphics rule for `.eps' on input line 4
38.
Package grfext Info: Graphics extension search list:
(grfext)             [.png,.pdf,.jpg,.mps,.jpeg,.jbig2,.jb2,.PNG,.PDF,.JPG,.JPE
G,.JBIG2,.JB2,.eps]
(grfext)             \AppendGraphicsExtensions on input line 456.
))
("C:\Program Files (x86)\MiKTeX 2.9\tex\latex\graphics\epsfig.sty"
Package: epsfig 1999/02/16 v1.7a (e)psfig emulation (SPQR)
\epsfxsize=\dimen114
\epsfysize=\dimen115
)
("C:\Program Files (x86)\MiKTeX 2.9\tex\latex\amsfonts\amsfonts.sty"
Package: amsfonts 2013/01/14 v3.01 Basic AMSFonts support
\symAMSa=\mathgroup4
\symAMSb=\mathgroup5
LaTeX Font Info:    Overwriting math alphabet `\mathfrak' in version `bold'
(Font)                  U/euf/m/n --> U/euf/b/n on input line 106.
)
("C:\Program Files (x86)\MiKTeX 2.9\tex\latex\amsfonts\amssymb.sty"
Package: amssymb 2013/01/14 v3.01 AMS font symbols
)
("C:\Program Files (x86)\MiKTeX 2.9\tex\latex\amscls\amsthm.sty"
Package: amsthm 2015/03/04 v2.20.2
\thm@style=\toks20
\thm@bodyfont=\toks21
\thm@headfont=\toks22
\thm@notefont=\toks23
\thm@headpunct=\toks24
\thm@preskip=\skip46
\thm@postskip=\skip47
\thm@headsep=\skip48
\dth@everypar=\toks25
)
\c@thm=\count100

("C:\Program Files (x86)\MiKTeX 2.9\tex\latex\base\latexsym.sty"
Package: latexsym 1998/08/17 v2.2e Standard LaTeX package (lasy symbols)
\symlasy=\mathgroup6
LaTeX Font Info:    Overwriting symbol font `lasy' in version `bold'
(Font)                  U/lasy/m/n --> U/lasy/b/n on input line 52.
)
(C:\Users\Main\AppData\Roaming\MiKTeX\2.9\tex\latex\caption\caption.sty
Package: caption 2016/02/21 v3.3-144 Customizing captions (AR)

(C:\Users\Main\AppData\Roaming\MiKTeX\2.9\tex\latex\caption\caption3.sty
Package: caption3 2016/05/22 v1.7-166 caption3 kernel (AR)
Package caption3 Info: TeX engine: e-TeX on input line 67.
\captionmargin=\dimen116
\captionmargin@=\dimen117
\captionwidth=\dimen118
\caption@tempdima=\dimen119
\caption@indent=\dimen120
\caption@parindent=\dimen121
\caption@hangindent=\dimen122
Package caption Info: Unknown document class (or package),
(caption)             standard defaults will be used.
)

Package caption Warning: Unsupported document class (or package) detected,
(caption)                usage of the caption package is not recommended.
See the caption package documentation for explanation.

Package caption Info: \@makecaption = \long macro:#1#2-> \vskip 10pt \setbox \@
tempboxa \hbox {#1. #2} \ifdim \wd \@tempboxa >\hsize #1. #2\par \else \hbox to
\hsize {\hfil \box \@tempboxa \hfil } \fi .
\c@ContinuedFloat=\count101
) (C:\Users\Main\AppData\Roaming\MiKTeX\2.9\tex\latex\caption\subcaption.sty
Package: subcaption 2016/05/22 v1.1-161 Sub-captions (AR)
\c@subfigure=\count102
\c@subtable=\count103
)
(C:\Users\Main\AppData\Roaming\MiKTeX\2.9\tex\latex\algorithms\algorithm.sty
Package: algorithm 2009/08/24 v0.1 Document Style `algorithm' - floating enviro
nment

("C:\Program Files (x86)\MiKTeX 2.9\tex\latex\float\float.sty"
Package: float 2001/11/08 v1.3d Float enhancements (AL)
\c@float@type=\count104
\float@exts=\toks26
\float@box=\box28
\@float@everytoks=\toks27
\@floatcapt=\box29
)
("C:\Program Files (x86)\MiKTeX 2.9\tex\latex\base\ifthen.sty"
Package: ifthen 2014/09/29 v1.1c Standard LaTeX ifthen package (DPC)
)
\@float@every@algorithm=\toks28
\c@algorithm=\count105
)
(C:\Users\Main\AppData\Roaming\MiKTeX\2.9\tex\latex\algorithmicx\algpseudocode.
sty
Package: algpseudocode 

(C:\Users\Main\AppData\Roaming\MiKTeX\2.9\tex\latex\algorithmicx\algorithmicx.s
ty
Package: algorithmicx 2005/04/27 v1.2 Algorithmicx

Document Style algorithmicx 1.2 - a greatly improved `algorithmic' style
\c@ALG@line=\count106
\c@ALG@rem=\count107
\c@ALG@nested=\count108
\ALG@tlm=\skip49
\ALG@thistlm=\skip50
\c@ALG@Lnr=\count109
\c@ALG@blocknr=\count110
\c@ALG@storecount=\count111
\c@ALG@tmpcounter=\count112
\ALG@tmplength=\skip51
)
Document Style - pseudocode environments for use with the `algorithmicx' style
) ("C:\Program Files (x86)\MiKTeX 2.9\tex\latex\graphics\color.sty"
Package: color 2016/06/02 v1.1d Standard LaTeX Color (DPC)

("C:\Program Files (x86)\MiKTeX 2.9\tex\latex\00miktex\color.cfg"
File: color.cfg 2016/01/02 v1.6 sample color configuration
)
Package color Info: Driver file: pdftex.def on input line 147.
)
(cwf_isbi_draft1.tex.aux)
\openout1 = `cwf_isbi_draft1.tex.aux'.

LaTeX Font Info:    Checking defaults for OML/cmm/m/it on input line 67.
LaTeX Font Info:    ... okay on input line 67.
LaTeX Font Info:    Checking defaults for T1/cmr/m/n on input line 67.
LaTeX Font Info:    ... okay on input line 67.
LaTeX Font Info:    Checking defaults for OT1/cmr/m/n on input line 67.
LaTeX Font Info:    ... okay on input line 67.
LaTeX Font Info:    Checking defaults for OMS/cmsy/m/n on input line 67.
LaTeX Font Info:    ... okay on input line 67.
LaTeX Font Info:    Checking defaults for OMX/cmex/m/n on input line 67.
LaTeX Font Info:    ... okay on input line 67.
LaTeX Font Info:    Checking defaults for U/cmr/m/n on input line 67.
LaTeX Font Info:    ... okay on input line 67.
LaTeX Font Info:    Try loading font information for OT1+ptm on input line 67.

("C:\Program Files (x86)\MiKTeX 2.9\tex\latex\psnfss\ot1ptm.fd"
File: ot1ptm.fd 2001/06/04 font definitions for OT1/ptm.
)
("C:\Program Files (x86)\MiKTeX 2.9\tex\context\base\supp-pdf.mkii"
[Loading MPS to PDF converter (version 2006.09.02).]
\scratchcounter=\count113
\scratchdimen=\dimen123
\scratchbox=\box30
\nofMPsegments=\count114
\nofMParguments=\count115
\everyMPshowfont=\toks29
\MPscratchCnt=\count116
\MPscratchDim=\dimen124
\MPnumerator=\count117
\makeMPintoPDFobject=\count118
\everyMPtoPDFconversion=\toks30
)
Package caption Info: Begin \AtBeginDocument code.
Package caption Info: float package is loaded.
Package caption Info: End \AtBeginDocument code.
LaTeX Font Info:    Font shape `OT1/ptm/bx/n' in size <12> not available
(Font)              Font shape `OT1/ptm/b/n' tried instead on input line 70.
LaTeX Font Info:    Try loading font information for U+msa on input line 70.
 ("C:\Program Files (x86)\MiKTeX 2.9\tex\latex\amsfonts\umsa.fd"
File: umsa.fd 2013/01/14 v3.01 AMS symbols A
)
LaTeX Font Info:    Try loading font information for U+msb on input line 70.

("C:\Program Files (x86)\MiKTeX 2.9\tex\latex\amsfonts\umsb.fd"
File: umsb.fd 2013/01/14 v3.01 AMS symbols B
)
LaTeX Font Info:    Try loading font information for U+lasy on input line 70.

("C:\Program Files (x86)\MiKTeX 2.9\tex\latex\base\ulasy.fd"
File: ulasy.fd 1998/08/17 v2.2e LaTeX symbol font definitions
)
LaTeX Font Info:    Font shape `OT1/ptm/bx/n' in size <10> not available
(Font)              Font shape `OT1/ptm/b/n' tried instead on input line 72.
LaTeX Font Info:    Font shape `OT1/ptm/bx/it' in size <10> not available
(Font)              Font shape `OT1/ptm/b/it' tried instead on input line 77.
 [1{C:/Users/Main/AppData/Local/MiKTeX/2.9/pdftex/config/pdftex.map}



]
<ctfeg_fig.png, id=9, 578.16pt x 433.62pt>
File: ctfeg_fig.png Graphic file (type png)
 <use ctfeg_fig.png>
Package pdftex.def Info: ctfeg_fig.png used on input line 122.
(pdftex.def)             Requested size: 289.07928pt x 216.80946pt.

Overfull \hbox (44.38559pt too wide) in paragraph at lines 122--123
 [] 
 []

[2 <./ctfeg_fig.png (PNG copy)>]

LaTeX Font Warning: Command \small invalid in math mode on input line 164.

LaTeX Font Info:    Calculating math sizes for size <> on input line 166.

LaTeX Font Warning: Font shape `OT1/cmr/m/n' in size <> not available
(Font)              size <5> substituted on input line 166.


LaTeX Font Warning: Font shape `OT1/cmr/m/n' in size <0.7> not available
(Font)              size <5> substituted on input line 166.


LaTeX Font Warning: Font shape `OT1/cmr/m/n' in size <0.5> not available
(Font)              size <5> substituted on input line 166.


LaTeX Font Warning: Font shape `OML/cmm/m/it' in size <> not available
(Font)              size <5> substituted on input line 166.


LaTeX Font Warning: Font shape `OML/cmm/m/it' in size <0.7> not available
(Font)              size <5> substituted on input line 166.


LaTeX Font Warning: Font shape `OML/cmm/m/it' in size <0.5> not available
(Font)              size <5> substituted on input line 166.


LaTeX Font Warning: Font shape `OMS/cmsy/m/n' in size <> not available
(Font)              size <5> substituted on input line 166.


LaTeX Font Warning: Font shape `OMS/cmsy/m/n' in size <0.7> not available
(Font)              size <5> substituted on input line 166.


LaTeX Font Warning: Font shape `OMS/cmsy/m/n' in size <0.5> not available
(Font)              size <5> substituted on input line 166.


LaTeX Font Warning: Font shape `U/lasy/m/n' in size <> not available
(Font)              size <5> substituted on input line 166.


LaTeX Font Warning: Font shape `U/lasy/m/n' in size <0.7> not available
(Font)              size <5> substituted on input line 166.


LaTeX Font Warning: Font shape `U/lasy/m/n' in size <0.5> not available
(Font)              size <5> substituted on input line 166.


LaTeX Font Warning: Command \small invalid in math mode on input line 168.


LaTeX Font Warning: Command \small invalid in math mode on input line 171.


Overfull \hbox (19.48227pt too wide) detected at line 172
[]
 []


LaTeX Font Warning: Command \small invalid in math mode on input line 174.


Overfull \hbox (19.48227pt too wide) detected at line 175
[]
 []


LaTeX Font Warning: Command \small invalid in math mode on input line 177.


Overfull \hbox (3.5638pt too wide) detected at line 178
[]
 []


LaTeX Font Warning: Command \small invalid in math mode on input line 180.


Overfull \hbox (3.5638pt too wide) detected at line 181
[]
 []

LaTeX Font Info:    Font shape `OT1/ptm/bx/n' in size <9> not available
(Font)              Font shape `OT1/ptm/b/n' tried instead on input line 224.

Underfull \hbox (badness 1748) in paragraph at lines 230--231
[]\OT1/ptm/b/n/10 pro-ce-dure \OT1/ptm/m/sc/10 Clas-si-fi-ca-tion us-ing Ma-hal
ono-bis
 []


LaTeX Warning: No positions in optional float specifier.
               Default added (so using `tbp') on input line 247.

(cwf_isbi_draft1.tex.bbl [3]) [4

] (cwf_isbi_draft1.tex.aux)

LaTeX Font Warning: Size substitutions with differences
(Font)              up to 4.5pt have occurred.

 ) 
Here is how much of TeX's memory you used:
 4424 strings out of 493335
 64840 string characters out of 3136683
 144092 words of memory out of 3000000
 7850 multiletter control sequences out of 15000+200000
 32081 words of font info for 85 fonts, out of 3000000 for 9000
 1141 hyphenation exceptions out of 8191
 42i,11n,39p,1676b,373s stack positions out of 5000i,500n,10000p,200000b,50000s
{C:/Program Files (x86)/MiKTeX 2.9/fonts/enc/dvips/fontname/8r.enc}<C:/Progra
m Files (x86)/MiKTeX 2.9/fonts/type1/public/amsfonts/cm/cmex10.pfb><C:/Program 
Files (x86)/MiKTeX 2.9/fonts/type1/public/amsfonts/cmextra/cmex9.pfb><C:/Progra
m Files (x86)/MiKTeX 2.9/fonts/type1/public/amsfonts/cm/cmmi10.pfb><C:/Program 
Files (x86)/MiKTeX 2.9/fonts/type1/public/amsfonts/cm/cmmi5.pfb><C:/Program Fil
es (x86)/MiKTeX 2.9/fonts/type1/public/amsfonts/cm/cmmi6.pfb><C:/Program Files 
(x86)/MiKTeX 2.9/fonts/type1/public/amsfonts/cm/cmmi7.pfb><C:/Program Files (x8
6)/MiKTeX 2.9/fonts/type1/public/amsfonts/cm/cmmi9.pfb><C:/Program Files (x86)/
MiKTeX 2.9/fonts/type1/public/amsfonts/cm/cmr10.pfb><C:/Program Files (x86)/MiK
TeX 2.9/fonts/type1/public/amsfonts/cm/cmr5.pfb><C:/Program Files (x86)/MiKTeX 
2.9/fonts/type1/public/amsfonts/cm/cmr6.pfb><C:/Program Files (x86)/MiKTeX 2.9/
fonts/type1/public/amsfonts/cm/cmr7.pfb><C:/Program Files (x86)/MiKTeX 2.9/font
s/type1/public/amsfonts/cm/cmr9.pfb><C:/Program Files (x86)/MiKTeX 2.9/fonts/ty
pe1/public/amsfonts/cm/cmsy10.pfb><C:/Program Files (x86)/MiKTeX 2.9/fonts/type
1/public/amsfonts/cm/cmsy6.pfb><C:/Program Files (x86)/MiKTeX 2.9/fonts/type1/p
ublic/amsfonts/cm/cmsy7.pfb><C:/Program Files (x86)/MiKTeX 2.9/fonts/type1/publ
ic/amsfonts/cm/cmsy9.pfb><C:/Program Files (x86)/MiKTeX 2.9/fonts/type1/urw/tim
es/utmb8a.pfb><C:/Program Files (x86)/MiKTeX 2.9/fonts/type1/urw/times/utmbi8a.
pfb><C:/Program Files (x86)/MiKTeX 2.9/fonts/type1/urw/times/utmr8a.pfb><C:/Pro
gram Files (x86)/MiKTeX 2.9/fonts/type1/urw/times/utmri8a.pfb>
Output written on cwf_isbi_draft1.tex.pdf (4 pages, 307883 bytes).
PDF statistics:
 97 PDF objects out of 1000 (max. 8388607)
 0 named destinations out of 1000 (max. 500000)
 6 words of extra memory for PDF output out of 10000 (max. 10000000)

